18:31:17 **** Auto Build of configuration Debug for project LwIP_Example ****
make pre-build main-build 
a9-linaro-pre-build-step
 
Building file: ../src/dispatch.c
Invoking: ARM v7 gcc compiler
arm-none-eabi-gcc -Wall -O0 -g3 -c -fmessage-length=0 -MT"src/dispatch.o" -mcpu=cortex-a9 -mfpu=vfpv3 -mfloat-abi=hard -I/media/2TB/workspace/rsarwar/work/enclastra/pe1_zx1/mercury_pe1_fmc104/workspace/standalone_bsp_0/ps7_cortexa9_0/include -MMD -MP -MF"src/dispatch.d" -MT"src/dispatch.o" -o "src/dispatch.o" "../src/dispatch.c"
Finished building: ../src/dispatch.c
 
Building file: ../src/echo.c
Invoking: ARM v7 gcc compiler
arm-none-eabi-gcc -Wall -O0 -g3 -c -fmessage-length=0 -MT"src/echo.o" -mcpu=cortex-a9 -mfpu=vfpv3 -mfloat-abi=hard -I/media/2TB/workspace/rsarwar/work/enclastra/pe1_zx1/mercury_pe1_fmc104/workspace/standalone_bsp_0/ps7_cortexa9_0/include -MMD -MP -MF"src/echo.d" -MT"src/echo.o" -o "src/echo.o" "../src/echo.c"
Finished building: ../src/echo.c
 
Building file: ../src/http_response.c
Invoking: ARM v7 gcc compiler
arm-none-eabi-gcc -Wall -O0 -g3 -c -fmessage-length=0 -MT"src/http_response.o" -mcpu=cortex-a9 -mfpu=vfpv3 -mfloat-abi=hard -I/media/2TB/workspace/rsarwar/work/enclastra/pe1_zx1/mercury_pe1_fmc104/workspace/standalone_bsp_0/ps7_cortexa9_0/include -MMD -MP -MF"src/http_response.d" -MT"src/http_response.o" -o "src/http_response.o" "../src/http_response.c"
../src/http_response.c:21:10: fatal error: mfs_config.h: No such file or directory
 #include "mfs_config.h"
          ^~~~~~~~~~~~~~
compilation terminated.
src/subdir.mk:75: recipe for target 'src/http_response.o' failed
make: *** [src/http_response.o] Error 1

18:31:17 Build Finished (took 285ms)

