
*** Running vivado
    with args -log MercuryZX1_clk_wiz_0.vds -m64 -product Vivado -mode batch -messageDb vivado.pb -notrace -source MercuryZX1_clk_wiz_0.tcl


****** Vivado v2019.1 (64-bit)
  **** SW Build 2552052 on Fri May 24 14:47:09 MDT 2019
  **** IP Build 2548770 on Fri May 24 18:01:18 MDT 2019
    ** Copyright 1986-2019 Xilinx, Inc. All Rights Reserved.

source MercuryZX1_clk_wiz_0.tcl -notrace
INFO: [IP_Flow 19-234] Refreshing IP repositories
INFO: [IP_Flow 19-1700] Loaded user IP repository '/media/2TB/workspace/rsarwar/work/enclastra/pe1_zx1/mercury_pe1_fmc104/ip_repo'.
INFO: [IP_Flow 19-2313] Loaded Vivado IP repository '/opt/Xilinx/Vivado/2019.1/data/ip'.
Command: synth_design -top MercuryZX1_clk_wiz_0 -part xc7z030fbg676-2 -mode out_of_context
Starting synth_design
Attempting to get a license for feature 'Synthesis' and/or device 'xc7z030'
INFO: [Common 17-349] Got license for feature 'Synthesis' and/or device 'xc7z030'
INFO: [Device 21-403] Loading part xc7z030fbg676-2
INFO: Launching helper process for spawning children vivado processes
INFO: Helper process launched with PID 87141 
---------------------------------------------------------------------------------
Starting RTL Elaboration : Time (s): cpu = 00:00:03 ; elapsed = 00:00:04 . Memory (MB): peak = 1820.383 ; gain = 153.543 ; free physical = 12732 ; free virtual = 106251
---------------------------------------------------------------------------------
INFO: [Synth 8-6157] synthesizing module 'MercuryZX1_clk_wiz_0' [/media/2TB/workspace/rsarwar/work/enclastra/pe1_zx1/mercury_pe1_fmc104/Vivado_PE1/MercuryZX1_PE1.srcs/sources_1/bd/MercuryZX1/ip/MercuryZX1_clk_wiz_0/MercuryZX1_clk_wiz_0.v:70]
INFO: [Synth 8-6157] synthesizing module 'MercuryZX1_clk_wiz_0_clk_wiz' [/media/2TB/workspace/rsarwar/work/enclastra/pe1_zx1/mercury_pe1_fmc104/Vivado_PE1/MercuryZX1_PE1.srcs/sources_1/bd/MercuryZX1/ip/MercuryZX1_clk_wiz_0/MercuryZX1_clk_wiz_0_clk_wiz.v:68]
INFO: [Synth 8-6157] synthesizing module 'IBUF' [/opt/Xilinx/Vivado/2019.1/scripts/rt/data/unisim_comp.v:32856]
	Parameter CAPACITANCE bound to: DONT_CARE - type: string 
	Parameter IBUF_DELAY_VALUE bound to: 0 - type: string 
	Parameter IBUF_LOW_PWR bound to: TRUE - type: string 
	Parameter IFD_DELAY_VALUE bound to: AUTO - type: string 
	Parameter IOSTANDARD bound to: DEFAULT - type: string 
INFO: [Synth 8-6155] done synthesizing module 'IBUF' (1#1) [/opt/Xilinx/Vivado/2019.1/scripts/rt/data/unisim_comp.v:32856]
INFO: [Synth 8-6157] synthesizing module 'MMCME2_ADV' [/opt/Xilinx/Vivado/2019.1/scripts/rt/data/unisim_comp.v:39813]
	Parameter BANDWIDTH bound to: OPTIMIZED - type: string 
	Parameter CLKFBOUT_MULT_F bound to: 10.000000 - type: float 
	Parameter CLKFBOUT_PHASE bound to: 0.000000 - type: float 
	Parameter CLKFBOUT_USE_FINE_PS bound to: FALSE - type: string 
	Parameter CLKIN1_PERIOD bound to: 10.000000 - type: float 
	Parameter CLKIN2_PERIOD bound to: 0.000000 - type: float 
	Parameter CLKOUT0_DIVIDE_F bound to: 5.000000 - type: float 
	Parameter CLKOUT0_DUTY_CYCLE bound to: 0.500000 - type: float 
	Parameter CLKOUT0_PHASE bound to: 0.000000 - type: float 
	Parameter CLKOUT0_USE_FINE_PS bound to: FALSE - type: string 
	Parameter CLKOUT1_DIVIDE bound to: 1 - type: integer 
	Parameter CLKOUT1_DUTY_CYCLE bound to: 0.500000 - type: float 
	Parameter CLKOUT1_PHASE bound to: 0.000000 - type: float 
	Parameter CLKOUT1_USE_FINE_PS bound to: FALSE - type: string 
	Parameter CLKOUT2_DIVIDE bound to: 1 - type: integer 
	Parameter CLKOUT2_DUTY_CYCLE bound to: 0.500000 - type: float 
	Parameter CLKOUT2_PHASE bound to: 0.000000 - type: float 
	Parameter CLKOUT2_USE_FINE_PS bound to: FALSE - type: string 
	Parameter CLKOUT3_DIVIDE bound to: 1 - type: integer 
	Parameter CLKOUT3_DUTY_CYCLE bound to: 0.500000 - type: float 
	Parameter CLKOUT3_PHASE bound to: 0.000000 - type: float 
	Parameter CLKOUT3_USE_FINE_PS bound to: FALSE - type: string 
	Parameter CLKOUT4_CASCADE bound to: FALSE - type: string 
	Parameter CLKOUT4_DIVIDE bound to: 1 - type: integer 
	Parameter CLKOUT4_DUTY_CYCLE bound to: 0.500000 - type: float 
	Parameter CLKOUT4_PHASE bound to: 0.000000 - type: float 
	Parameter CLKOUT4_USE_FINE_PS bound to: FALSE - type: string 
	Parameter CLKOUT5_DIVIDE bound to: 1 - type: integer 
	Parameter CLKOUT5_DUTY_CYCLE bound to: 0.500000 - type: float 
	Parameter CLKOUT5_PHASE bound to: 0.000000 - type: float 
	Parameter CLKOUT5_USE_FINE_PS bound to: FALSE - type: string 
	Parameter CLKOUT6_DIVIDE bound to: 1 - type: integer 
	Parameter CLKOUT6_DUTY_CYCLE bound to: 0.500000 - type: float 
	Parameter CLKOUT6_PHASE bound to: 0.000000 - type: float 
	Parameter CLKOUT6_USE_FINE_PS bound to: FALSE - type: string 
	Parameter COMPENSATION bound to: ZHOLD - type: string 
	Parameter DIVCLK_DIVIDE bound to: 1 - type: integer 
	Parameter IS_CLKINSEL_INVERTED bound to: 1'b0 
	Parameter IS_PSEN_INVERTED bound to: 1'b0 
	Parameter IS_PSINCDEC_INVERTED bound to: 1'b0 
	Parameter IS_PWRDWN_INVERTED bound to: 1'b0 
	Parameter IS_RST_INVERTED bound to: 1'b0 
	Parameter REF_JITTER1 bound to: 0.010000 - type: float 
	Parameter REF_JITTER2 bound to: 0.010000 - type: float 
	Parameter SS_EN bound to: FALSE - type: string 
	Parameter SS_MODE bound to: CENTER_HIGH - type: string 
	Parameter SS_MOD_PERIOD bound to: 10000 - type: integer 
	Parameter STARTUP_WAIT bound to: FALSE - type: string 
INFO: [Synth 8-6155] done synthesizing module 'MMCME2_ADV' (2#1) [/opt/Xilinx/Vivado/2019.1/scripts/rt/data/unisim_comp.v:39813]
INFO: [Synth 8-6157] synthesizing module 'BUFG' [/opt/Xilinx/Vivado/2019.1/scripts/rt/data/unisim_comp.v:1075]
INFO: [Synth 8-6155] done synthesizing module 'BUFG' (3#1) [/opt/Xilinx/Vivado/2019.1/scripts/rt/data/unisim_comp.v:1075]
INFO: [Synth 8-6155] done synthesizing module 'MercuryZX1_clk_wiz_0_clk_wiz' (4#1) [/media/2TB/workspace/rsarwar/work/enclastra/pe1_zx1/mercury_pe1_fmc104/Vivado_PE1/MercuryZX1_PE1.srcs/sources_1/bd/MercuryZX1/ip/MercuryZX1_clk_wiz_0/MercuryZX1_clk_wiz_0_clk_wiz.v:68]
INFO: [Synth 8-6155] done synthesizing module 'MercuryZX1_clk_wiz_0' (5#1) [/media/2TB/workspace/rsarwar/work/enclastra/pe1_zx1/mercury_pe1_fmc104/Vivado_PE1/MercuryZX1_PE1.srcs/sources_1/bd/MercuryZX1/ip/MercuryZX1_clk_wiz_0/MercuryZX1_clk_wiz_0.v:70]
---------------------------------------------------------------------------------
Finished RTL Elaboration : Time (s): cpu = 00:00:04 ; elapsed = 00:00:05 . Memory (MB): peak = 1879.102 ; gain = 212.262 ; free physical = 12716 ; free virtual = 106239
---------------------------------------------------------------------------------

Report Check Netlist: 
+------+------------------+-------+---------+-------+------------------+
|      |Item              |Errors |Warnings |Status |Description       |
+------+------------------+-------+---------+-------+------------------+
|1     |multi_driven_nets |      0|        0|Passed |Multi driven nets |
+------+------------------+-------+---------+-------+------------------+
---------------------------------------------------------------------------------
Start Handling Custom Attributes
---------------------------------------------------------------------------------
---------------------------------------------------------------------------------
Finished Handling Custom Attributes : Time (s): cpu = 00:00:04 ; elapsed = 00:00:05 . Memory (MB): peak = 1882.070 ; gain = 215.230 ; free physical = 12595 ; free virtual = 106118
---------------------------------------------------------------------------------
---------------------------------------------------------------------------------
Finished RTL Optimization Phase 1 : Time (s): cpu = 00:00:04 ; elapsed = 00:00:05 . Memory (MB): peak = 1882.070 ; gain = 215.230 ; free physical = 12595 ; free virtual = 106118
---------------------------------------------------------------------------------
INFO: [Netlist 29-17] Analyzing 1 Unisim elements for replacement
INFO: [Netlist 29-28] Unisim Transformation completed in 0 CPU seconds
INFO: [Project 1-570] Preparing netlist for logic optimization

Processing XDC Constraints
Initializing timing engine
Parsing XDC File [/media/2TB/workspace/rsarwar/work/enclastra/pe1_zx1/mercury_pe1_fmc104/Vivado_PE1/MercuryZX1_PE1.srcs/sources_1/bd/MercuryZX1/ip/MercuryZX1_clk_wiz_0/MercuryZX1_clk_wiz_0_ooc.xdc] for cell 'inst'
Finished Parsing XDC File [/media/2TB/workspace/rsarwar/work/enclastra/pe1_zx1/mercury_pe1_fmc104/Vivado_PE1/MercuryZX1_PE1.srcs/sources_1/bd/MercuryZX1/ip/MercuryZX1_clk_wiz_0/MercuryZX1_clk_wiz_0_ooc.xdc] for cell 'inst'
Parsing XDC File [/media/2TB/workspace/rsarwar/work/enclastra/pe1_zx1/mercury_pe1_fmc104/Vivado_PE1/MercuryZX1_PE1.srcs/sources_1/bd/MercuryZX1/ip/MercuryZX1_clk_wiz_0/MercuryZX1_clk_wiz_0_board.xdc] for cell 'inst'
Finished Parsing XDC File [/media/2TB/workspace/rsarwar/work/enclastra/pe1_zx1/mercury_pe1_fmc104/Vivado_PE1/MercuryZX1_PE1.srcs/sources_1/bd/MercuryZX1/ip/MercuryZX1_clk_wiz_0/MercuryZX1_clk_wiz_0_board.xdc] for cell 'inst'
Parsing XDC File [/media/2TB/workspace/rsarwar/work/enclastra/pe1_zx1/mercury_pe1_fmc104/Vivado_PE1/MercuryZX1_PE1.srcs/sources_1/bd/MercuryZX1/ip/MercuryZX1_clk_wiz_0/MercuryZX1_clk_wiz_0.xdc] for cell 'inst'
Finished Parsing XDC File [/media/2TB/workspace/rsarwar/work/enclastra/pe1_zx1/mercury_pe1_fmc104/Vivado_PE1/MercuryZX1_PE1.srcs/sources_1/bd/MercuryZX1/ip/MercuryZX1_clk_wiz_0/MercuryZX1_clk_wiz_0.xdc] for cell 'inst'
INFO: [Project 1-236] Implementation specific constraints were found while reading constraint file [/media/2TB/workspace/rsarwar/work/enclastra/pe1_zx1/mercury_pe1_fmc104/Vivado_PE1/MercuryZX1_PE1.srcs/sources_1/bd/MercuryZX1/ip/MercuryZX1_clk_wiz_0/MercuryZX1_clk_wiz_0.xdc]. These constraints will be ignored for synthesis but will be used in implementation. Impacted constraints are listed in the file [.Xil/MercuryZX1_clk_wiz_0_propImpl.xdc].
Resolution: To avoid this warning, move constraints listed in [.Xil/MercuryZX1_clk_wiz_0_propImpl.xdc] to another XDC file and exclude this new file from synthesis with the used_in_synthesis property (File Properties dialog in GUI) and re-run elaboration/synthesis.
INFO: [Timing 38-2] Deriving generated clocks
Parsing XDC File [/media/2TB/workspace/rsarwar/work/enclastra/pe1_zx1/mercury_pe1_fmc104/Vivado_PE1/MercuryZX1_PE1.runs/MercuryZX1_clk_wiz_0_synth_1/dont_touch.xdc]
Finished Parsing XDC File [/media/2TB/workspace/rsarwar/work/enclastra/pe1_zx1/mercury_pe1_fmc104/Vivado_PE1/MercuryZX1_PE1.runs/MercuryZX1_clk_wiz_0_synth_1/dont_touch.xdc]
Completed Processing XDC Constraints

Netlist sorting complete. Time (s): cpu = 00:00:00 ; elapsed = 00:00:00 . Memory (MB): peak = 1973.852 ; gain = 0.000 ; free physical = 12175 ; free virtual = 105698
INFO: [Project 1-111] Unisim Transformation Summary:
No Unisim elements were transformed.

Constraint Validation Runtime : Time (s): cpu = 00:00:00.02 ; elapsed = 00:00:00.02 . Memory (MB): peak = 1973.852 ; gain = 0.000 ; free physical = 12190 ; free virtual = 105714
---------------------------------------------------------------------------------
Finished Constraint Validation : Time (s): cpu = 00:00:09 ; elapsed = 00:00:11 . Memory (MB): peak = 1973.852 ; gain = 307.012 ; free physical = 12235 ; free virtual = 105766
---------------------------------------------------------------------------------
---------------------------------------------------------------------------------
Start Loading Part and Timing Information
---------------------------------------------------------------------------------
Loading part: xc7z030fbg676-2
---------------------------------------------------------------------------------
Finished Loading Part and Timing Information : Time (s): cpu = 00:00:09 ; elapsed = 00:00:11 . Memory (MB): peak = 1973.852 ; gain = 307.012 ; free physical = 12234 ; free virtual = 105765
---------------------------------------------------------------------------------
---------------------------------------------------------------------------------
Start Applying 'set_property' XDC Constraints
---------------------------------------------------------------------------------
Applied set_property DONT_TOUCH = true for inst. (constraint file  /media/2TB/workspace/rsarwar/work/enclastra/pe1_zx1/mercury_pe1_fmc104/Vivado_PE1/MercuryZX1_PE1.runs/MercuryZX1_clk_wiz_0_synth_1/dont_touch.xdc, line 9).
---------------------------------------------------------------------------------
Finished applying 'set_property' XDC Constraints : Time (s): cpu = 00:00:09 ; elapsed = 00:00:11 . Memory (MB): peak = 1973.852 ; gain = 307.012 ; free physical = 12233 ; free virtual = 105765
---------------------------------------------------------------------------------
---------------------------------------------------------------------------------
Finished RTL Optimization Phase 2 : Time (s): cpu = 00:00:09 ; elapsed = 00:00:11 . Memory (MB): peak = 1973.852 ; gain = 307.012 ; free physical = 12283 ; free virtual = 105817
---------------------------------------------------------------------------------

Report RTL Partitions: 
+-+--------------+------------+----------+
| |RTL Partition |Replication |Instances |
+-+--------------+------------+----------+
+-+--------------+------------+----------+
---------------------------------------------------------------------------------
Start RTL Component Statistics 
---------------------------------------------------------------------------------
Detailed RTL Component Info : 
---------------------------------------------------------------------------------
Finished RTL Component Statistics 
---------------------------------------------------------------------------------
---------------------------------------------------------------------------------
Start RTL Hierarchical Component Statistics 
---------------------------------------------------------------------------------
Hierarchical RTL Component report 
---------------------------------------------------------------------------------
Finished RTL Hierarchical Component Statistics
---------------------------------------------------------------------------------
---------------------------------------------------------------------------------
Start Part Resource Summary
---------------------------------------------------------------------------------
Part Resources:
DSPs: 400 (col length:80)
BRAMs: 530 (col length: RAMB18 80 RAMB36 40)
---------------------------------------------------------------------------------
Finished Part Resource Summary
---------------------------------------------------------------------------------
---------------------------------------------------------------------------------
Start Cross Boundary and Area Optimization
---------------------------------------------------------------------------------
Warning: Parallel synthesis criteria is not met 
---------------------------------------------------------------------------------
Finished Cross Boundary and Area Optimization : Time (s): cpu = 00:00:09 ; elapsed = 00:00:11 . Memory (MB): peak = 1973.852 ; gain = 307.012 ; free physical = 12381 ; free virtual = 105934
---------------------------------------------------------------------------------

Report RTL Partitions: 
+-+--------------+------------+----------+
| |RTL Partition |Replication |Instances |
+-+--------------+------------+----------+
+-+--------------+------------+----------+
---------------------------------------------------------------------------------
Start Applying XDC Timing Constraints
---------------------------------------------------------------------------------
---------------------------------------------------------------------------------
Finished Applying XDC Timing Constraints : Time (s): cpu = 00:00:15 ; elapsed = 00:00:17 . Memory (MB): peak = 1973.852 ; gain = 307.012 ; free physical = 11226 ; free virtual = 104780
---------------------------------------------------------------------------------
---------------------------------------------------------------------------------
Start Timing Optimization
---------------------------------------------------------------------------------
---------------------------------------------------------------------------------
Finished Timing Optimization : Time (s): cpu = 00:00:15 ; elapsed = 00:00:17 . Memory (MB): peak = 1973.852 ; gain = 307.012 ; free physical = 11219 ; free virtual = 104772
---------------------------------------------------------------------------------

Report RTL Partitions: 
+-+--------------+------------+----------+
| |RTL Partition |Replication |Instances |
+-+--------------+------------+----------+
+-+--------------+------------+----------+
---------------------------------------------------------------------------------
Start Technology Mapping
---------------------------------------------------------------------------------
---------------------------------------------------------------------------------
Finished Technology Mapping : Time (s): cpu = 00:00:15 ; elapsed = 00:00:17 . Memory (MB): peak = 1973.852 ; gain = 307.012 ; free physical = 11237 ; free virtual = 104790
---------------------------------------------------------------------------------

Report RTL Partitions: 
+-+--------------+------------+----------+
| |RTL Partition |Replication |Instances |
+-+--------------+------------+----------+
+-+--------------+------------+----------+
---------------------------------------------------------------------------------
Start IO Insertion
---------------------------------------------------------------------------------
---------------------------------------------------------------------------------
Start Flattening Before IO Insertion
---------------------------------------------------------------------------------
---------------------------------------------------------------------------------
Finished Flattening Before IO Insertion
---------------------------------------------------------------------------------
---------------------------------------------------------------------------------
Start Final Netlist Cleanup
---------------------------------------------------------------------------------
---------------------------------------------------------------------------------
Finished Final Netlist Cleanup
---------------------------------------------------------------------------------
---------------------------------------------------------------------------------
Finished IO Insertion : Time (s): cpu = 00:00:16 ; elapsed = 00:00:18 . Memory (MB): peak = 1976.727 ; gain = 309.887 ; free physical = 10981 ; free virtual = 104535
---------------------------------------------------------------------------------

Report Check Netlist: 
+------+------------------+-------+---------+-------+------------------+
|      |Item              |Errors |Warnings |Status |Description       |
+------+------------------+-------+---------+-------+------------------+
|1     |multi_driven_nets |      0|        0|Passed |Multi driven nets |
+------+------------------+-------+---------+-------+------------------+
---------------------------------------------------------------------------------
Start Renaming Generated Instances
---------------------------------------------------------------------------------
---------------------------------------------------------------------------------
Finished Renaming Generated Instances : Time (s): cpu = 00:00:16 ; elapsed = 00:00:18 . Memory (MB): peak = 1976.727 ; gain = 309.887 ; free physical = 10982 ; free virtual = 104535
---------------------------------------------------------------------------------

Report RTL Partitions: 
+-+--------------+------------+----------+
| |RTL Partition |Replication |Instances |
+-+--------------+------------+----------+
+-+--------------+------------+----------+
---------------------------------------------------------------------------------
Start Rebuilding User Hierarchy
---------------------------------------------------------------------------------
---------------------------------------------------------------------------------
Finished Rebuilding User Hierarchy : Time (s): cpu = 00:00:16 ; elapsed = 00:00:18 . Memory (MB): peak = 1976.727 ; gain = 309.887 ; free physical = 10979 ; free virtual = 104533
---------------------------------------------------------------------------------
---------------------------------------------------------------------------------
Start Renaming Generated Ports
---------------------------------------------------------------------------------
---------------------------------------------------------------------------------
Finished Renaming Generated Ports : Time (s): cpu = 00:00:16 ; elapsed = 00:00:18 . Memory (MB): peak = 1976.727 ; gain = 309.887 ; free physical = 10988 ; free virtual = 104542
---------------------------------------------------------------------------------
---------------------------------------------------------------------------------
Start Handling Custom Attributes
---------------------------------------------------------------------------------
---------------------------------------------------------------------------------
Finished Handling Custom Attributes : Time (s): cpu = 00:00:16 ; elapsed = 00:00:18 . Memory (MB): peak = 1976.727 ; gain = 309.887 ; free physical = 10991 ; free virtual = 104545
---------------------------------------------------------------------------------
---------------------------------------------------------------------------------
Start Renaming Generated Nets
---------------------------------------------------------------------------------
---------------------------------------------------------------------------------
Finished Renaming Generated Nets : Time (s): cpu = 00:00:16 ; elapsed = 00:00:18 . Memory (MB): peak = 1976.727 ; gain = 309.887 ; free physical = 10993 ; free virtual = 104547
---------------------------------------------------------------------------------
---------------------------------------------------------------------------------
Start Writing Synthesis Report
---------------------------------------------------------------------------------

Report BlackBoxes: 
+-+--------------+----------+
| |BlackBox name |Instances |
+-+--------------+----------+
+-+--------------+----------+

Report Cell Usage: 
+------+-----------+------+
|      |Cell       |Count |
+------+-----------+------+
|1     |BUFG       |     2|
|2     |MMCME2_ADV |     1|
|3     |IBUF       |     1|
+------+-----------+------+

Report Instance Areas: 
+------+---------+-----------------------------+------+
|      |Instance |Module                       |Cells |
+------+---------+-----------------------------+------+
|1     |top      |                             |     4|
|2     |  inst   |MercuryZX1_clk_wiz_0_clk_wiz |     4|
+------+---------+-----------------------------+------+
---------------------------------------------------------------------------------
Finished Writing Synthesis Report : Time (s): cpu = 00:00:16 ; elapsed = 00:00:18 . Memory (MB): peak = 1976.727 ; gain = 309.887 ; free physical = 10996 ; free virtual = 104549
---------------------------------------------------------------------------------
Synthesis finished with 0 errors, 0 critical warnings and 0 warnings.
Synthesis Optimization Runtime : Time (s): cpu = 00:00:14 ; elapsed = 00:00:16 . Memory (MB): peak = 1976.727 ; gain = 218.105 ; free physical = 11073 ; free virtual = 104627
Synthesis Optimization Complete : Time (s): cpu = 00:00:16 ; elapsed = 00:00:18 . Memory (MB): peak = 1976.734 ; gain = 309.887 ; free physical = 11074 ; free virtual = 104628
INFO: [Project 1-571] Translating synthesized netlist
INFO: [Netlist 29-17] Analyzing 1 Unisim elements for replacement
INFO: [Netlist 29-28] Unisim Transformation completed in 0 CPU seconds
INFO: [Project 1-570] Preparing netlist for logic optimization
INFO: [Opt 31-138] Pushed 0 inverter(s) to 0 load pin(s).
Netlist sorting complete. Time (s): cpu = 00:00:00 ; elapsed = 00:00:00 . Memory (MB): peak = 1991.602 ; gain = 0.000 ; free physical = 10951 ; free virtual = 104505
INFO: [Project 1-111] Unisim Transformation Summary:
No Unisim elements were transformed.

INFO: [Common 17-83] Releasing license: Synthesis
28 Infos, 0 Warnings, 0 Critical Warnings and 0 Errors encountered.
synth_design completed successfully
synth_design: Time (s): cpu = 00:00:21 ; elapsed = 00:00:22 . Memory (MB): peak = 1991.602 ; gain = 573.594 ; free physical = 11006 ; free virtual = 104559
Netlist sorting complete. Time (s): cpu = 00:00:00 ; elapsed = 00:00:00 . Memory (MB): peak = 1991.602 ; gain = 0.000 ; free physical = 11005 ; free virtual = 104558
WARNING: [Constraints 18-5210] No constraints selected for write.
Resolution: This message can indicate that there are no constraints for the design, or it can indicate that the used_in flags are set such that the constraints are ignored. This later case is used when running synth_design to not write synthesis constraints to the resulting checkpoint. Instead, project constraints are read when the synthesized design is opened.
INFO: [Common 17-1381] The checkpoint '/media/2TB/workspace/rsarwar/work/enclastra/pe1_zx1/mercury_pe1_fmc104/Vivado_PE1/MercuryZX1_PE1.runs/MercuryZX1_clk_wiz_0_synth_1/MercuryZX1_clk_wiz_0.dcp' has been generated.
WARNING: [Common 17-576] 'use_project_ipc' is deprecated. This option is deprecated and no longer used.
INFO: [Coretcl 2-1648] Added synthesis output to IP cache for IP MercuryZX1_clk_wiz_0, cache-ID = c6d1eea456d8d0e9
Netlist sorting complete. Time (s): cpu = 00:00:00 ; elapsed = 00:00:00 . Memory (MB): peak = 1991.602 ; gain = 0.000 ; free physical = 11273 ; free virtual = 104824
WARNING: [Constraints 18-5210] No constraints selected for write.
Resolution: This message can indicate that there are no constraints for the design, or it can indicate that the used_in flags are set such that the constraints are ignored. This later case is used when running synth_design to not write synthesis constraints to the resulting checkpoint. Instead, project constraints are read when the synthesized design is opened.
INFO: [Common 17-1381] The checkpoint '/media/2TB/workspace/rsarwar/work/enclastra/pe1_zx1/mercury_pe1_fmc104/Vivado_PE1/MercuryZX1_PE1.runs/MercuryZX1_clk_wiz_0_synth_1/MercuryZX1_clk_wiz_0.dcp' has been generated.
INFO: [runtcl-4] Executing : report_utilization -file MercuryZX1_clk_wiz_0_utilization_synth.rpt -pb MercuryZX1_clk_wiz_0_utilization_synth.pb
INFO: [Common 17-206] Exiting Vivado at Wed Oct 16 17:13:10 2019...
