#-----------------------------------------------------------
# Webtalk v2019.1 (64-bit)
# SW Build 2552052 on Fri May 24 14:47:09 MDT 2019
# 
# Start of session at: Wed Aug 28 13:27:31 2019
# Process ID: 38341
# Current directory: /media/2TB/workspace/rsarwar/work/enclastra/pe1_zx1/ghrd/SdkExport/webtalk
# Command line: wbtcv -mode batch -source sdk_webtalk.tcl
# Log file: /media/2TB/workspace/rsarwar/work/enclastra/pe1_zx1/ghrd/SdkExport/webtalk/webtalk.log
# Journal file: /media/2TB/workspace/rsarwar/work/enclastra/pe1_zx1/ghrd/SdkExport/webtalk/webtalk.jou
#-----------------------------------------------------------
source sdk_webtalk.tcl
# webtalk_init -webtalk_dir /media/2TB/workspace/rsarwar/work/enclastra/pe1_zx1/ghrd/SdkExport/webtalk
# webtalk_register_client -client project
# webtalk_add_data -client project -key date_generated -value "2019-08-28 13:27:30" -context "software_version_and_target_device"
# webtalk_add_data -client project -key product_version -value "SDK v2019.1" -context "software_version_and_target_device"
# webtalk_add_data -client project -key build_version -value "2019.1" -context "software_version_and_target_device"
# webtalk_add_data -client project -key os_platform -value "amd64" -context "software_version_and_target_device"
# webtalk_add_data -client project -key registration_id -value "174118286_178937913_210573335_948" -context "software_version_and_target_device"
# webtalk_add_data -client project -key tool_flow -value "SDK" -context "software_version_and_target_device"
# webtalk_add_data -client project -key beta -value "false" -context "software_version_and_target_device"
# webtalk_add_data -client project -key route_design -value "NA" -context "software_version_and_target_device"
# webtalk_add_data -client project -key target_family -value "NA" -context "software_version_and_target_device"
# webtalk_add_data -client project -key target_device -value "NA" -context "software_version_and_target_device"
# webtalk_add_data -client project -key target_package -value "NA" -context "software_version_and_target_device"
# webtalk_add_data -client project -key target_speed -value "NA" -context "software_version_and_target_device"
# webtalk_add_data -client project -key random_id -value "l4uk6b8ttjb2ok2ic7hs2rdfo4" -context "software_version_and_target_device"
# webtalk_add_data -client project -key project_id -value "2019.1_3" -context "software_version_and_target_device"
# webtalk_add_data -client project -key project_iteration -value "3" -context "software_version_and_target_device"
# webtalk_add_data -client project -key os_name -value "Ubuntu" -context "user_environment"
# webtalk_add_data -client project -key os_release -value "KDE neon User Edition 5.16" -context "user_environment"
# webtalk_add_data -client project -key cpu_name -value "AMD Ryzen Threadripper 2950X 16-Core Processor" -context "user_environment"
# webtalk_add_data -client project -key cpu_speed -value "1883.761 MHz" -context "user_environment"
# webtalk_add_data -client project -key total_processors -value "1" -context "user_environment"
# webtalk_add_data -client project -key system_ram -value "67.426 GB" -context "user_environment"
# webtalk_register_client -client sdk
# webtalk_add_data -client sdk -key uid -value "1566995200000" -context "sdk\\\\hardware/1566995200000"
# webtalk_add_data -client sdk -key isZynq -value "true" -context "sdk\\\\hardware/1566995200000"
# webtalk_add_data -client sdk -key isZynqMP -value "false" -context "sdk\\\\hardware/1566995200000"
# webtalk_add_data -client sdk -key Processors -value "2" -context "sdk\\\\hardware/1566995200000"
# webtalk_add_data -client sdk -key VivadoVersion -value "2019.1" -context "sdk\\\\hardware/1566995200000"
# webtalk_add_data -client sdk -key Arch -value "zynq" -context "sdk\\\\hardware/1566995200000"
# webtalk_add_data -client sdk -key Device -value "7z030" -context "sdk\\\\hardware/1566995200000"
# webtalk_add_data -client sdk -key IsHandoff -value "true" -context "sdk\\\\hardware/1566995200000"
# webtalk_add_data -client sdk -key os -value "NA" -context "sdk\\\\hardware/1566995200000"
# webtalk_add_data -client sdk -key apptemplate -value "NA" -context "sdk\\\\hardware/1566995200000"
# webtalk_add_data -client sdk -key RecordType -value "HWCreation" -context "sdk\\\\hardware/1566995200000"
# webtalk_add_data -client sdk -key uid -value "1566995215000" -context "sdk\\\\bsp/1566995215000"
# webtalk_add_data -client sdk -key hwid -value "1566995200000" -context "sdk\\\\bsp/1566995215000"
# webtalk_add_data -client sdk -key os -value "standalone" -context "sdk\\\\bsp/1566995215000"
# webtalk_add_data -client sdk -key apptemplate -value "zynq_fsbl" -context "sdk\\\\bsp/1566995215000"
# webtalk_add_data -client sdk -key RecordType -value "BSPCreation" -context "sdk\\\\bsp/1566995215000"
# webtalk_add_data -client sdk -key uid -value "1566995220000" -context "sdk\\\\application/1566995220000"
# webtalk_add_data -client sdk -key hwid -value "1566995200000" -context "sdk\\\\application/1566995220000"
# webtalk_add_data -client sdk -key bspid -value "1566995215000" -context "sdk\\\\application/1566995220000"
# webtalk_add_data -client sdk -key newbsp -value "true" -context "sdk\\\\application/1566995220000"
# webtalk_add_data -client sdk -key os -value "standalone" -context "sdk\\\\application/1566995220000"
# webtalk_add_data -client sdk -key apptemplate -value "zynq_fsbl" -context "sdk\\\\application/1566995220000"
# webtalk_add_data -client sdk -key RecordType -value "APPCreation" -context "sdk\\\\application/1566995220000"
# webtalk_add_data -client sdk -key LangUsed -value "C" -context "sdk\\\\application/1566995220000"
# webtalk_add_data -client sdk -key Procused -value "ps7_cortexa9" -context "sdk\\\\application/1566995220000"
# webtalk_add_data -client sdk -key projSize -value "736.67578125" -context "sdk\\\\application/1566995220000"
# webtalk_add_data -client sdk -key uid -value "NA" -context "sdk\\\\bsp/1566995250621"
# webtalk_add_data -client sdk -key RecordType -value "ToolUsage" -context "sdk\\\\bsp/1566995250621"
# webtalk_add_data -client sdk -key BootgenCount -value "0" -context "sdk\\\\bsp/1566995250621"
# webtalk_add_data -client sdk -key DebugCount -value "0" -context "sdk\\\\bsp/1566995250621"
# webtalk_add_data -client sdk -key PerfCount -value "0" -context "sdk\\\\bsp/1566995250621"
# webtalk_add_data -client sdk -key FlashCount -value "0" -context "sdk\\\\bsp/1566995250621"
# webtalk_add_data -client sdk -key CrossTriggCount -value "0" -context "sdk\\\\bsp/1566995250621"
# webtalk_add_data -client sdk -key QemuDebugCount -value "0" -context "sdk\\\\bsp/1566995250621"
# webtalk_transmit -clientid 3000596334 -regid "174118286_178937913_210573335_948" -xml /media/2TB/workspace/rsarwar/work/enclastra/pe1_zx1/ghrd/SdkExport/webtalk/usage_statistics_ext_sdk.xml -html /media/2TB/workspace/rsarwar/work/enclastra/pe1_zx1/ghrd/SdkExport/webtalk/usage_statistics_ext_sdk.html -wdm /media/2TB/workspace/rsarwar/work/enclastra/pe1_zx1/ghrd/SdkExport/webtalk/sdk_webtalk.wdm -intro "<H3>SDK Usage Report</H3><BR>"
INFO: [Common 17-186] '/media/2TB/workspace/rsarwar/work/enclastra/pe1_zx1/ghrd/SdkExport/webtalk/usage_statistics_ext_sdk.xml' has been successfully sent to Xilinx on Wed Aug 28 13:27:33 2019. For additional details about this file, please refer to the WebTalk help file at /opt/Xilinx/SDK/2019.1/doc/webtalk_introduction.html.
# webtalk_terminate
INFO: [Common 17-206] Exiting Webtalk at Wed Aug 28 13:27:33 2019...
