10:08:54 INFO  : Registering command handlers for SDK TCF services
10:08:55 INFO  : Launching XSCT server: xsct -n -interactive /media/2TB/workspace/rsarwar/work/enclastra/pe1_zx1/mercury_pe1_fmc104/workspace/temp_xsdb_launch_script.tcl
10:08:57 INFO  : XSCT server has started successfully.
10:08:57 INFO  : Successfully done setting XSCT server connection channel  
10:08:57 INFO  : Successfully done setting SDK workspace  
10:08:57 INFO  : Processing command line option -hwspec /media/2TB/workspace/rsarwar/work/enclastra/pe1_zx1/mercury_pe1_fmc104/workspace/system_top.hdf.
10:12:32 INFO  : Launching XSCT server: xsct -n -interactive /media/2TB/workspace/rsarwar/work/enclastra/pe1_zx1/mercury_pe1_fmc104/workspace/temp_xsdb_launch_script.tcl
10:12:34 INFO  : XSCT server has started successfully.
10:12:41 INFO  : Successfully done setting XSCT server connection channel  
10:12:41 INFO  : Successfully done setting SDK workspace  
10:12:42 INFO  : Registering command handlers for SDK TCF services
10:12:43 INFO  : Processing command line option -hwspec /media/2TB/workspace/rsarwar/work/enclastra/pe1_zx1/mercury_pe1_fmc104/workspace/system_top.hdf.
10:12:44 INFO  : Checking for hwspec changes in the project system_top_hw_platform_0.
10:14:07 INFO  : No changes in MSS file content so not generating sources.
10:14:59 INFO  : Successfully generated /media/2TB/workspace/rsarwar/work/enclastra/pe1_zx1/mercury_pe1_fmc104/software/HelloWorld/src/lscript.ld.
10:14:59 INFO  : Applying linker script to all configurations of project HelloWorld.
10:14:59 INFO  : Setting rebuild state to true for all configurations of project HelloWorld.
10:17:16 INFO  : 'targets -set -filter {jtag_cable_name =~ "Digilent JTAG-HS3 210299A17B27" && level==0} -index 1' command is executed.
10:17:16 INFO  : 'fpga -state' command is executed.
10:17:16 INFO  : Connected to target on host '10.211.3.139' and port '3121'.
10:17:16 INFO  : Jtag cable 'Digilent JTAG-HS3 210299A17B27' is selected.
10:17:16 INFO  : 'jtag frequency' command is executed.
10:17:16 INFO  : Sourcing of '/media/2TB/workspace/rsarwar/work/enclastra/pe1_zx1/mercury_pe1_fmc104/workspace/system_top_hw_platform_0/ps7_init.tcl' is done.
10:17:16 INFO  : Context for 'APU' is selected.
10:17:16 INFO  : Hardware design information is loaded from '/media/2TB/workspace/rsarwar/work/enclastra/pe1_zx1/mercury_pe1_fmc104/workspace/system_top_hw_platform_0/system.hdf'.
10:17:16 INFO  : 'configparams force-mem-access 1' command is executed.
10:17:16 INFO  : Context for 'APU' is selected.
10:17:16 INFO  : 'stop' command is executed.
10:17:17 INFO  : 'ps7_init' command is executed.
10:17:17 INFO  : 'ps7_post_config' command is executed.
10:17:17 INFO  : Context for processor 'ps7_cortexa9_0' is selected.
10:17:17 INFO  : Processor reset is completed for 'ps7_cortexa9_0'.
10:17:17 INFO  : Context for processor 'ps7_cortexa9_0' is selected.
10:17:17 INFO  : The application '/media/2TB/workspace/rsarwar/work/enclastra/pe1_zx1/mercury_pe1_fmc104/software/HelloWorld/Debug/HelloWorld.elf' is downloaded to processor 'ps7_cortexa9_0'.
10:17:17 INFO  : 'configparams force-mem-access 0' command is executed.
10:17:17 INFO  : ----------------XSDB Script----------------
connect -url tcp:10.211.3.139:3121
source /media/2TB/workspace/rsarwar/work/enclastra/pe1_zx1/mercury_pe1_fmc104/workspace/system_top_hw_platform_0/ps7_init.tcl
targets -set -nocase -filter {name =~"APU*" && jtag_cable_name =~ "Digilent JTAG-HS3 210299A17B27"} -index 0
loadhw -hw /media/2TB/workspace/rsarwar/work/enclastra/pe1_zx1/mercury_pe1_fmc104/workspace/system_top_hw_platform_0/system.hdf -mem-ranges [list {0x40000000 0xbfffffff}]
configparams force-mem-access 1
targets -set -nocase -filter {name =~"APU*" && jtag_cable_name =~ "Digilent JTAG-HS3 210299A17B27"} -index 0
stop
ps7_init
ps7_post_config
targets -set -nocase -filter {name =~ "ARM*#0" && jtag_cable_name =~ "Digilent JTAG-HS3 210299A17B27"} -index 0
rst -processor
targets -set -nocase -filter {name =~ "ARM*#0" && jtag_cable_name =~ "Digilent JTAG-HS3 210299A17B27"} -index 0
dow /media/2TB/workspace/rsarwar/work/enclastra/pe1_zx1/mercury_pe1_fmc104/software/HelloWorld/Debug/HelloWorld.elf
configparams force-mem-access 0
----------------End of Script----------------

10:19:26 INFO  : Disconnected from the channel tcfchan#1.
10:19:27 INFO  : 'targets -set -filter {jtag_cable_name =~ "Digilent JTAG-HS3 210299A17B27" && level==0} -index 1' command is executed.
10:19:27 INFO  : 'fpga -state' command is executed.
10:19:27 INFO  : Connected to target on host '10.211.3.139' and port '3121'.
10:19:27 INFO  : Jtag cable 'Digilent JTAG-HS3 210299A17B27' is selected.
10:19:27 INFO  : 'jtag frequency' command is executed.
10:19:27 INFO  : Sourcing of '/media/2TB/workspace/rsarwar/work/enclastra/pe1_zx1/mercury_pe1_fmc104/workspace/system_top_hw_platform_0/ps7_init.tcl' is done.
10:19:27 INFO  : Context for 'APU' is selected.
10:19:32 INFO  : Hardware design information is loaded from '/media/2TB/workspace/rsarwar/work/enclastra/pe1_zx1/mercury_pe1_fmc104/workspace/system_top_hw_platform_0/system.hdf'.
10:19:32 INFO  : 'configparams force-mem-access 1' command is executed.
10:19:32 INFO  : Context for 'APU' is selected.
10:19:32 INFO  : 'stop' command is executed.
10:19:33 INFO  : 'ps7_init' command is executed.
10:19:33 INFO  : 'ps7_post_config' command is executed.
10:19:33 INFO  : Context for processor 'ps7_cortexa9_0' is selected.
10:19:33 INFO  : Processor reset is completed for 'ps7_cortexa9_0'.
10:19:33 INFO  : Context for processor 'ps7_cortexa9_0' is selected.
10:19:33 INFO  : The application '/media/2TB/workspace/rsarwar/work/enclastra/pe1_zx1/mercury_pe1_fmc104/software/HelloWorld/Debug/HelloWorld.elf' is downloaded to processor 'ps7_cortexa9_0'.
10:19:33 INFO  : 'configparams force-mem-access 0' command is executed.
10:19:33 INFO  : ----------------XSDB Script----------------
connect -url tcp:10.211.3.139:3121
source /media/2TB/workspace/rsarwar/work/enclastra/pe1_zx1/mercury_pe1_fmc104/workspace/system_top_hw_platform_0/ps7_init.tcl
targets -set -nocase -filter {name =~"APU*" && jtag_cable_name =~ "Digilent JTAG-HS3 210299A17B27"} -index 0
loadhw -hw /media/2TB/workspace/rsarwar/work/enclastra/pe1_zx1/mercury_pe1_fmc104/workspace/system_top_hw_platform_0/system.hdf -mem-ranges [list {0x40000000 0xbfffffff}]
configparams force-mem-access 1
targets -set -nocase -filter {name =~"APU*" && jtag_cable_name =~ "Digilent JTAG-HS3 210299A17B27"} -index 0
stop
ps7_init
ps7_post_config
targets -set -nocase -filter {name =~ "ARM*#0" && jtag_cable_name =~ "Digilent JTAG-HS3 210299A17B27"} -index 0
rst -processor
targets -set -nocase -filter {name =~ "ARM*#0" && jtag_cable_name =~ "Digilent JTAG-HS3 210299A17B27"} -index 0
dow /media/2TB/workspace/rsarwar/work/enclastra/pe1_zx1/mercury_pe1_fmc104/software/HelloWorld/Debug/HelloWorld.elf
configparams force-mem-access 0
----------------End of Script----------------

10:19:57 INFO  : Disconnected from the channel tcfchan#2.
10:19:58 INFO  : Connected to target on host '10.211.3.139' and port '3121'.
10:19:58 INFO  : Jtag cable 'Digilent JTAG-HS3 210299A17B27' is selected.
10:19:58 INFO  : 'jtag frequency' command is executed.
10:19:58 INFO  : Sourcing of '/media/2TB/workspace/rsarwar/work/enclastra/pe1_zx1/mercury_pe1_fmc104/workspace/system_top_hw_platform_0/ps7_init.tcl' is done.
10:19:58 INFO  : Context for 'APU' is selected.
10:19:59 INFO  : System reset is completed.
10:20:02 INFO  : 'after 3000' command is executed.
10:20:02 INFO  : 'targets -set -filter {jtag_cable_name =~ "Digilent JTAG-HS3 210299A17B27" && level==0} -index 1' command is executed.
10:20:05 INFO  : FPGA configured successfully with bitstream "/media/2TB/workspace/rsarwar/work/enclastra/pe1_zx1/mercury_pe1_fmc104/workspace/system_top_hw_platform_0/system_top.bit"
10:20:05 INFO  : Context for 'APU' is selected.
10:20:11 INFO  : Hardware design information is loaded from '/media/2TB/workspace/rsarwar/work/enclastra/pe1_zx1/mercury_pe1_fmc104/workspace/system_top_hw_platform_0/system.hdf'.
10:20:11 INFO  : 'configparams force-mem-access 1' command is executed.
10:20:11 INFO  : Context for 'APU' is selected.
10:20:11 INFO  : 'ps7_init' command is executed.
10:20:11 INFO  : 'ps7_post_config' command is executed.
10:20:11 INFO  : Context for processor 'ps7_cortexa9_0' is selected.
10:20:11 INFO  : The application '/media/2TB/workspace/rsarwar/work/enclastra/pe1_zx1/mercury_pe1_fmc104/software/HelloWorld/Debug/HelloWorld.elf' is downloaded to processor 'ps7_cortexa9_0'.
10:20:11 INFO  : 'configparams force-mem-access 0' command is executed.
10:20:11 INFO  : ----------------XSDB Script----------------
connect -url tcp:10.211.3.139:3121
source /media/2TB/workspace/rsarwar/work/enclastra/pe1_zx1/mercury_pe1_fmc104/workspace/system_top_hw_platform_0/ps7_init.tcl
targets -set -nocase -filter {name =~"APU*" && jtag_cable_name =~ "Digilent JTAG-HS3 210299A17B27"} -index 0
rst -system
after 3000
targets -set -filter {jtag_cable_name =~ "Digilent JTAG-HS3 210299A17B27" && level==0} -index 1
fpga -file /media/2TB/workspace/rsarwar/work/enclastra/pe1_zx1/mercury_pe1_fmc104/workspace/system_top_hw_platform_0/system_top.bit
targets -set -nocase -filter {name =~"APU*" && jtag_cable_name =~ "Digilent JTAG-HS3 210299A17B27"} -index 0
loadhw -hw /media/2TB/workspace/rsarwar/work/enclastra/pe1_zx1/mercury_pe1_fmc104/workspace/system_top_hw_platform_0/system.hdf -mem-ranges [list {0x40000000 0xbfffffff}]
configparams force-mem-access 1
targets -set -nocase -filter {name =~"APU*" && jtag_cable_name =~ "Digilent JTAG-HS3 210299A17B27"} -index 0
ps7_init
ps7_post_config
targets -set -nocase -filter {name =~ "ARM*#0" && jtag_cable_name =~ "Digilent JTAG-HS3 210299A17B27"} -index 0
dow /media/2TB/workspace/rsarwar/work/enclastra/pe1_zx1/mercury_pe1_fmc104/software/HelloWorld/Debug/HelloWorld.elf
configparams force-mem-access 0
----------------End of Script----------------

10:20:47 INFO  : Disconnected from the channel tcfchan#3.
10:21:22 INFO  : 'targets -set -filter {jtag_cable_name =~ "Digilent JTAG-HS3 210299A17B27" && level==0} -index 1' command is executed.
10:21:22 INFO  : 'fpga -state' command is executed.
10:21:22 INFO  : Connected to target on host '10.211.3.139' and port '3121'.
10:21:22 INFO  : Jtag cable 'Digilent JTAG-HS3 210299A17B27' is selected.
10:21:22 INFO  : 'jtag frequency' command is executed.
10:21:22 INFO  : Sourcing of '/media/2TB/workspace/rsarwar/work/enclastra/pe1_zx1/mercury_pe1_fmc104/workspace/system_top_hw_platform_0/ps7_init.tcl' is done.
10:21:22 INFO  : Context for 'APU' is selected.
10:21:22 INFO  : Hardware design information is loaded from '/media/2TB/workspace/rsarwar/work/enclastra/pe1_zx1/mercury_pe1_fmc104/workspace/system_top_hw_platform_0/system.hdf'.
10:21:22 INFO  : 'configparams force-mem-access 1' command is executed.
10:21:22 INFO  : Context for 'APU' is selected.
10:21:23 INFO  : 'stop' command is executed.
10:21:23 INFO  : 'ps7_init' command is executed.
10:21:23 INFO  : 'ps7_post_config' command is executed.
10:21:23 INFO  : Context for processor 'ps7_cortexa9_0' is selected.
10:21:23 INFO  : Processor reset is completed for 'ps7_cortexa9_0'.
10:21:23 INFO  : Context for processor 'ps7_cortexa9_0' is selected.
10:21:23 INFO  : The application '/media/2TB/workspace/rsarwar/work/enclastra/pe1_zx1/mercury_pe1_fmc104/software/HelloWorld/Debug/HelloWorld.elf' is downloaded to processor 'ps7_cortexa9_0'.
10:21:23 INFO  : 'configparams force-mem-access 0' command is executed.
10:21:23 INFO  : ----------------XSDB Script----------------
connect -url tcp:10.211.3.139:3121
source /media/2TB/workspace/rsarwar/work/enclastra/pe1_zx1/mercury_pe1_fmc104/workspace/system_top_hw_platform_0/ps7_init.tcl
targets -set -nocase -filter {name =~"APU*" && jtag_cable_name =~ "Digilent JTAG-HS3 210299A17B27"} -index 0
loadhw -hw /media/2TB/workspace/rsarwar/work/enclastra/pe1_zx1/mercury_pe1_fmc104/workspace/system_top_hw_platform_0/system.hdf -mem-ranges [list {0x40000000 0xbfffffff}]
configparams force-mem-access 1
targets -set -nocase -filter {name =~"APU*" && jtag_cable_name =~ "Digilent JTAG-HS3 210299A17B27"} -index 0
stop
ps7_init
ps7_post_config
targets -set -nocase -filter {name =~ "ARM*#0" && jtag_cable_name =~ "Digilent JTAG-HS3 210299A17B27"} -index 0
rst -processor
targets -set -nocase -filter {name =~ "ARM*#0" && jtag_cable_name =~ "Digilent JTAG-HS3 210299A17B27"} -index 0
dow /media/2TB/workspace/rsarwar/work/enclastra/pe1_zx1/mercury_pe1_fmc104/software/HelloWorld/Debug/HelloWorld.elf
configparams force-mem-access 0
----------------End of Script----------------

11:06:44 INFO  : Registering command handlers for SDK TCF services
11:06:45 INFO  : Launching XSCT server: xsct -n -interactive /media/2TB/workspace/rsarwar/work/enclastra/pe1_zx1/mercury_pe1_fmc104/workspace/temp_xsdb_launch_script.tcl
11:06:47 INFO  : XSCT server has started successfully.
11:06:47 INFO  : Successfully done setting XSCT server connection channel  
11:06:47 INFO  : Successfully done setting SDK workspace  
11:06:47 INFO  : Processing command line option -hwspec /media/2TB/workspace/rsarwar/work/enclastra/pe1_zx1/mercury_pe1_fmc104/workspace/system_top.hdf.
11:06:47 INFO  : Checking for hwspec changes in the project system_top_hw_platform_0.
11:17:23 INFO  : 'targets -set -filter {jtag_cable_name =~ "Digilent JTAG-HS3 210299A17B27" && level==0} -index 1' command is executed.
11:17:23 INFO  : 'fpga -state' command is executed.
11:17:23 INFO  : Connected to target on host '10.211.3.139' and port '3121'.
11:17:24 INFO  : Jtag cable 'Digilent JTAG-HS3 210299A17B27' is selected.
11:17:24 INFO  : 'jtag frequency' command is executed.
11:17:24 INFO  : Sourcing of '/media/2TB/workspace/rsarwar/work/enclastra/pe1_zx1/mercury_pe1_fmc104/workspace/system_top_hw_platform_0/ps7_init.tcl' is done.
11:17:24 INFO  : Context for 'APU' is selected.
11:17:24 INFO  : Hardware design information is loaded from '/media/2TB/workspace/rsarwar/work/enclastra/pe1_zx1/mercury_pe1_fmc104/workspace/system_top_hw_platform_0/system.hdf'.
11:17:24 INFO  : 'configparams force-mem-access 1' command is executed.
11:17:24 INFO  : Context for 'APU' is selected.
11:17:24 INFO  : 'stop' command is executed.
11:17:24 INFO  : 'ps7_init' command is executed.
11:17:24 INFO  : 'ps7_post_config' command is executed.
11:17:24 INFO  : Context for processor 'ps7_cortexa9_0' is selected.
11:17:24 INFO  : Processor reset is completed for 'ps7_cortexa9_0'.
11:17:24 INFO  : Context for processor 'ps7_cortexa9_0' is selected.
11:17:24 INFO  : The application '/media/2TB/workspace/rsarwar/work/enclastra/pe1_zx1/mercury_pe1_fmc104/software/HelloWorld/Debug/HelloWorld.elf' is downloaded to processor 'ps7_cortexa9_0'.
11:17:24 INFO  : 'configparams force-mem-access 0' command is executed.
11:17:24 INFO  : ----------------XSDB Script----------------
connect -url tcp:10.211.3.139:3121
source /media/2TB/workspace/rsarwar/work/enclastra/pe1_zx1/mercury_pe1_fmc104/workspace/system_top_hw_platform_0/ps7_init.tcl
targets -set -nocase -filter {name =~"APU*" && jtag_cable_name =~ "Digilent JTAG-HS3 210299A17B27"} -index 0
loadhw -hw /media/2TB/workspace/rsarwar/work/enclastra/pe1_zx1/mercury_pe1_fmc104/workspace/system_top_hw_platform_0/system.hdf -mem-ranges [list {0x40000000 0xbfffffff}]
configparams force-mem-access 1
targets -set -nocase -filter {name =~"APU*" && jtag_cable_name =~ "Digilent JTAG-HS3 210299A17B27"} -index 0
stop
ps7_init
ps7_post_config
targets -set -nocase -filter {name =~ "ARM*#0" && jtag_cable_name =~ "Digilent JTAG-HS3 210299A17B27"} -index 0
rst -processor
targets -set -nocase -filter {name =~ "ARM*#0" && jtag_cable_name =~ "Digilent JTAG-HS3 210299A17B27"} -index 0
dow /media/2TB/workspace/rsarwar/work/enclastra/pe1_zx1/mercury_pe1_fmc104/software/HelloWorld/Debug/HelloWorld.elf
configparams force-mem-access 0
----------------End of Script----------------

11:20:25 INFO  : Disconnected from the channel tcfchan#1.
11:20:26 INFO  : 'targets -set -filter {jtag_cable_name =~ "Digilent JTAG-HS3 210299A17B27" && level==0} -index 1' command is executed.
11:20:26 INFO  : 'fpga -state' command is executed.
11:20:26 INFO  : Connected to target on host '10.211.3.139' and port '3121'.
11:20:26 INFO  : Jtag cable 'Digilent JTAG-HS3 210299A17B27' is selected.
11:20:26 INFO  : 'jtag frequency' command is executed.
11:20:26 INFO  : Sourcing of '/media/2TB/workspace/rsarwar/work/enclastra/pe1_zx1/mercury_pe1_fmc104/workspace/system_top_hw_platform_0/ps7_init.tcl' is done.
11:20:26 INFO  : Context for 'APU' is selected.
11:20:32 INFO  : Hardware design information is loaded from '/media/2TB/workspace/rsarwar/work/enclastra/pe1_zx1/mercury_pe1_fmc104/workspace/system_top_hw_platform_0/system.hdf'.
11:20:32 INFO  : 'configparams force-mem-access 1' command is executed.
11:20:32 INFO  : Context for 'APU' is selected.
11:20:32 INFO  : 'stop' command is executed.
11:20:32 INFO  : 'ps7_init' command is executed.
11:20:32 INFO  : 'ps7_post_config' command is executed.
11:20:32 INFO  : Context for processor 'ps7_cortexa9_0' is selected.
11:20:32 INFO  : Processor reset is completed for 'ps7_cortexa9_0'.
11:20:32 INFO  : Context for processor 'ps7_cortexa9_0' is selected.
11:20:32 INFO  : The application '/media/2TB/workspace/rsarwar/work/enclastra/pe1_zx1/mercury_pe1_fmc104/software/HelloWorld/Debug/HelloWorld.elf' is downloaded to processor 'ps7_cortexa9_0'.
11:20:32 INFO  : 'configparams force-mem-access 0' command is executed.
11:20:32 INFO  : ----------------XSDB Script----------------
connect -url tcp:10.211.3.139:3121
source /media/2TB/workspace/rsarwar/work/enclastra/pe1_zx1/mercury_pe1_fmc104/workspace/system_top_hw_platform_0/ps7_init.tcl
targets -set -nocase -filter {name =~"APU*" && jtag_cable_name =~ "Digilent JTAG-HS3 210299A17B27"} -index 0
loadhw -hw /media/2TB/workspace/rsarwar/work/enclastra/pe1_zx1/mercury_pe1_fmc104/workspace/system_top_hw_platform_0/system.hdf -mem-ranges [list {0x40000000 0xbfffffff}]
configparams force-mem-access 1
targets -set -nocase -filter {name =~"APU*" && jtag_cable_name =~ "Digilent JTAG-HS3 210299A17B27"} -index 0
stop
ps7_init
ps7_post_config
targets -set -nocase -filter {name =~ "ARM*#0" && jtag_cable_name =~ "Digilent JTAG-HS3 210299A17B27"} -index 0
rst -processor
targets -set -nocase -filter {name =~ "ARM*#0" && jtag_cable_name =~ "Digilent JTAG-HS3 210299A17B27"} -index 0
dow /media/2TB/workspace/rsarwar/work/enclastra/pe1_zx1/mercury_pe1_fmc104/software/HelloWorld/Debug/HelloWorld.elf
configparams force-mem-access 0
----------------End of Script----------------

11:20:53 INFO  : Disconnected from the channel tcfchan#2.
11:20:55 INFO  : 'targets -set -filter {jtag_cable_name =~ "Digilent JTAG-HS3 210299A17B27" && level==0} -index 1' command is executed.
11:20:55 INFO  : 'fpga -state' command is executed.
11:20:55 INFO  : Connected to target on host '10.211.3.139' and port '3121'.
11:20:55 INFO  : Jtag cable 'Digilent JTAG-HS3 210299A17B27' is selected.
11:20:55 INFO  : 'jtag frequency' command is executed.
11:20:55 INFO  : Sourcing of '/media/2TB/workspace/rsarwar/work/enclastra/pe1_zx1/mercury_pe1_fmc104/workspace/system_top_hw_platform_0/ps7_init.tcl' is done.
11:20:55 INFO  : Context for 'APU' is selected.
11:21:00 INFO  : Hardware design information is loaded from '/media/2TB/workspace/rsarwar/work/enclastra/pe1_zx1/mercury_pe1_fmc104/workspace/system_top_hw_platform_0/system.hdf'.
11:21:00 INFO  : 'configparams force-mem-access 1' command is executed.
11:21:00 INFO  : Context for 'APU' is selected.
11:21:00 INFO  : 'stop' command is executed.
11:21:01 INFO  : 'ps7_init' command is executed.
11:21:01 INFO  : 'ps7_post_config' command is executed.
11:21:01 INFO  : Context for processor 'ps7_cortexa9_0' is selected.
11:21:01 INFO  : Processor reset is completed for 'ps7_cortexa9_0'.
11:21:01 INFO  : Context for processor 'ps7_cortexa9_0' is selected.
11:21:01 INFO  : The application '/media/2TB/workspace/rsarwar/work/enclastra/pe1_zx1/mercury_pe1_fmc104/software/HelloWorld/Debug/HelloWorld.elf' is downloaded to processor 'ps7_cortexa9_0'.
11:21:01 INFO  : 'configparams force-mem-access 0' command is executed.
11:21:01 INFO  : ----------------XSDB Script----------------
connect -url tcp:10.211.3.139:3121
source /media/2TB/workspace/rsarwar/work/enclastra/pe1_zx1/mercury_pe1_fmc104/workspace/system_top_hw_platform_0/ps7_init.tcl
targets -set -nocase -filter {name =~"APU*" && jtag_cable_name =~ "Digilent JTAG-HS3 210299A17B27"} -index 0
loadhw -hw /media/2TB/workspace/rsarwar/work/enclastra/pe1_zx1/mercury_pe1_fmc104/workspace/system_top_hw_platform_0/system.hdf -mem-ranges [list {0x40000000 0xbfffffff}]
configparams force-mem-access 1
targets -set -nocase -filter {name =~"APU*" && jtag_cable_name =~ "Digilent JTAG-HS3 210299A17B27"} -index 0
stop
ps7_init
ps7_post_config
targets -set -nocase -filter {name =~ "ARM*#0" && jtag_cable_name =~ "Digilent JTAG-HS3 210299A17B27"} -index 0
rst -processor
targets -set -nocase -filter {name =~ "ARM*#0" && jtag_cable_name =~ "Digilent JTAG-HS3 210299A17B27"} -index 0
dow /media/2TB/workspace/rsarwar/work/enclastra/pe1_zx1/mercury_pe1_fmc104/software/HelloWorld/Debug/HelloWorld.elf
configparams force-mem-access 0
----------------End of Script----------------

11:21:10 INFO  : Disconnected from the channel tcfchan#3.
11:21:49 INFO  : 'targets -set -filter {jtag_cable_name =~ "Digilent JTAG-HS3 210299A17B27" && level==0} -index 1' command is executed.
11:21:49 INFO  : 'fpga -state' command is executed.
11:21:49 INFO  : Connected to target on host '10.211.3.139' and port '3121'.
11:21:49 INFO  : Jtag cable 'Digilent JTAG-HS3 210299A17B27' is selected.
11:21:49 INFO  : 'jtag frequency' command is executed.
11:21:49 INFO  : Sourcing of '/media/2TB/workspace/rsarwar/work/enclastra/pe1_zx1/mercury_pe1_fmc104/workspace/system_top_hw_platform_0/ps7_init.tcl' is done.
11:21:49 INFO  : Context for 'APU' is selected.
11:21:49 INFO  : Hardware design information is loaded from '/media/2TB/workspace/rsarwar/work/enclastra/pe1_zx1/mercury_pe1_fmc104/workspace/system_top_hw_platform_0/system.hdf'.
11:21:49 INFO  : 'configparams force-mem-access 1' command is executed.
11:21:49 INFO  : Context for 'APU' is selected.
11:21:49 INFO  : 'stop' command is executed.
11:21:49 INFO  : 'ps7_init' command is executed.
11:21:49 INFO  : 'ps7_post_config' command is executed.
11:21:49 INFO  : Context for processor 'ps7_cortexa9_0' is selected.
11:21:49 INFO  : Processor reset is completed for 'ps7_cortexa9_0'.
11:21:49 INFO  : Context for processor 'ps7_cortexa9_0' is selected.
11:21:50 INFO  : The application '/media/2TB/workspace/rsarwar/work/enclastra/pe1_zx1/mercury_pe1_fmc104/software/HelloWorld/Debug/HelloWorld.elf' is downloaded to processor 'ps7_cortexa9_0'.
11:21:50 INFO  : 'configparams force-mem-access 0' command is executed.
11:21:50 INFO  : ----------------XSDB Script----------------
connect -url tcp:10.211.3.139:3121
source /media/2TB/workspace/rsarwar/work/enclastra/pe1_zx1/mercury_pe1_fmc104/workspace/system_top_hw_platform_0/ps7_init.tcl
targets -set -nocase -filter {name =~"APU*" && jtag_cable_name =~ "Digilent JTAG-HS3 210299A17B27"} -index 0
loadhw -hw /media/2TB/workspace/rsarwar/work/enclastra/pe1_zx1/mercury_pe1_fmc104/workspace/system_top_hw_platform_0/system.hdf -mem-ranges [list {0x40000000 0xbfffffff}]
configparams force-mem-access 1
targets -set -nocase -filter {name =~"APU*" && jtag_cable_name =~ "Digilent JTAG-HS3 210299A17B27"} -index 0
stop
ps7_init
ps7_post_config
targets -set -nocase -filter {name =~ "ARM*#0" && jtag_cable_name =~ "Digilent JTAG-HS3 210299A17B27"} -index 0
rst -processor
targets -set -nocase -filter {name =~ "ARM*#0" && jtag_cable_name =~ "Digilent JTAG-HS3 210299A17B27"} -index 0
dow /media/2TB/workspace/rsarwar/work/enclastra/pe1_zx1/mercury_pe1_fmc104/software/HelloWorld/Debug/HelloWorld.elf
configparams force-mem-access 0
----------------End of Script----------------

11:23:27 INFO  : Disconnected from the channel tcfchan#4.
11:23:28 INFO  : 'targets -set -filter {jtag_cable_name =~ "Digilent JTAG-HS3 210299A17B27" && level==0} -index 1' command is executed.
11:23:28 INFO  : 'fpga -state' command is executed.
11:23:28 INFO  : Connected to target on host '10.211.3.139' and port '3121'.
11:23:28 INFO  : Jtag cable 'Digilent JTAG-HS3 210299A17B27' is selected.
11:23:28 INFO  : 'jtag frequency' command is executed.
11:23:28 INFO  : Sourcing of '/media/2TB/workspace/rsarwar/work/enclastra/pe1_zx1/mercury_pe1_fmc104/workspace/system_top_hw_platform_0/ps7_init.tcl' is done.
11:23:28 INFO  : Context for 'APU' is selected.
11:23:34 INFO  : Hardware design information is loaded from '/media/2TB/workspace/rsarwar/work/enclastra/pe1_zx1/mercury_pe1_fmc104/workspace/system_top_hw_platform_0/system.hdf'.
11:23:34 INFO  : 'configparams force-mem-access 1' command is executed.
11:23:34 INFO  : Context for 'APU' is selected.
11:23:34 INFO  : 'stop' command is executed.
11:23:34 INFO  : 'ps7_init' command is executed.
11:23:34 INFO  : 'ps7_post_config' command is executed.
11:23:34 INFO  : Context for processor 'ps7_cortexa9_0' is selected.
11:23:34 INFO  : Processor reset is completed for 'ps7_cortexa9_0'.
11:23:34 INFO  : Context for processor 'ps7_cortexa9_0' is selected.
11:23:35 INFO  : The application '/media/2TB/workspace/rsarwar/work/enclastra/pe1_zx1/mercury_pe1_fmc104/software/HelloWorld/Debug/HelloWorld.elf' is downloaded to processor 'ps7_cortexa9_0'.
11:23:35 INFO  : 'configparams force-mem-access 0' command is executed.
11:23:35 INFO  : ----------------XSDB Script----------------
connect -url tcp:10.211.3.139:3121
source /media/2TB/workspace/rsarwar/work/enclastra/pe1_zx1/mercury_pe1_fmc104/workspace/system_top_hw_platform_0/ps7_init.tcl
targets -set -nocase -filter {name =~"APU*" && jtag_cable_name =~ "Digilent JTAG-HS3 210299A17B27"} -index 0
loadhw -hw /media/2TB/workspace/rsarwar/work/enclastra/pe1_zx1/mercury_pe1_fmc104/workspace/system_top_hw_platform_0/system.hdf -mem-ranges [list {0x40000000 0xbfffffff}]
configparams force-mem-access 1
targets -set -nocase -filter {name =~"APU*" && jtag_cable_name =~ "Digilent JTAG-HS3 210299A17B27"} -index 0
stop
ps7_init
ps7_post_config
targets -set -nocase -filter {name =~ "ARM*#0" && jtag_cable_name =~ "Digilent JTAG-HS3 210299A17B27"} -index 0
rst -processor
targets -set -nocase -filter {name =~ "ARM*#0" && jtag_cable_name =~ "Digilent JTAG-HS3 210299A17B27"} -index 0
dow /media/2TB/workspace/rsarwar/work/enclastra/pe1_zx1/mercury_pe1_fmc104/software/HelloWorld/Debug/HelloWorld.elf
configparams force-mem-access 0
----------------End of Script----------------

12:45:26 INFO  : Registering command handlers for SDK TCF services
12:45:27 INFO  : Launching XSCT server: xsct -n -interactive /media/2TB/workspace/rsarwar/work/enclastra/pe1_zx1/mercury_pe1_fmc104/workspace/temp_xsdb_launch_script.tcl
12:45:29 INFO  : XSCT server has started successfully.
12:45:30 INFO  : Successfully done setting XSCT server connection channel  
12:45:30 INFO  : Successfully done setting SDK workspace  
12:45:30 INFO  : Processing command line option -hwspec /media/2TB/workspace/rsarwar/work/enclastra/pe1_zx1/mercury_pe1_fmc104/workspace/system_top.hdf.
12:45:30 INFO  : Checking for hwspec changes in the project system_top_hw_platform_0.
12:45:51 INFO  : 'targets -set -filter {jtag_cable_name =~ "Digilent JTAG-HS3 210299A17B27" && level==0} -index 1' command is executed.
12:45:51 INFO  : 'fpga -state' command is executed.
12:45:51 INFO  : Connected to target on host '10.211.3.139' and port '3121'.
12:45:51 INFO  : Jtag cable 'Digilent JTAG-HS3 210299A17B27' is selected.
12:45:51 INFO  : 'jtag frequency' command is executed.
12:45:51 INFO  : Sourcing of '/media/2TB/workspace/rsarwar/work/enclastra/pe1_zx1/mercury_pe1_fmc104/workspace/system_top_hw_platform_0/ps7_init.tcl' is done.
12:45:51 INFO  : Context for 'APU' is selected.
12:45:51 INFO  : Hardware design information is loaded from '/media/2TB/workspace/rsarwar/work/enclastra/pe1_zx1/mercury_pe1_fmc104/workspace/system_top_hw_platform_0/system.hdf'.
12:45:51 INFO  : 'configparams force-mem-access 1' command is executed.
12:45:51 INFO  : Context for 'APU' is selected.
12:45:51 INFO  : 'stop' command is executed.
12:45:52 INFO  : 'ps7_init' command is executed.
12:45:52 INFO  : 'ps7_post_config' command is executed.
12:45:52 INFO  : Context for processor 'ps7_cortexa9_0' is selected.
12:45:52 INFO  : Processor reset is completed for 'ps7_cortexa9_0'.
12:45:52 INFO  : Context for processor 'ps7_cortexa9_0' is selected.
12:45:52 INFO  : The application '/media/2TB/workspace/rsarwar/work/enclastra/pe1_zx1/mercury_pe1_fmc104/software/HelloWorld/Debug/HelloWorld.elf' is downloaded to processor 'ps7_cortexa9_0'.
12:45:52 INFO  : 'configparams force-mem-access 0' command is executed.
12:45:52 INFO  : ----------------XSDB Script----------------
connect -url tcp:10.211.3.139:3121
source /media/2TB/workspace/rsarwar/work/enclastra/pe1_zx1/mercury_pe1_fmc104/workspace/system_top_hw_platform_0/ps7_init.tcl
targets -set -nocase -filter {name =~"APU*" && jtag_cable_name =~ "Digilent JTAG-HS3 210299A17B27"} -index 0
loadhw -hw /media/2TB/workspace/rsarwar/work/enclastra/pe1_zx1/mercury_pe1_fmc104/workspace/system_top_hw_platform_0/system.hdf -mem-ranges [list {0x40000000 0xbfffffff}]
configparams force-mem-access 1
targets -set -nocase -filter {name =~"APU*" && jtag_cable_name =~ "Digilent JTAG-HS3 210299A17B27"} -index 0
stop
ps7_init
ps7_post_config
targets -set -nocase -filter {name =~ "ARM*#0" && jtag_cable_name =~ "Digilent JTAG-HS3 210299A17B27"} -index 0
rst -processor
targets -set -nocase -filter {name =~ "ARM*#0" && jtag_cable_name =~ "Digilent JTAG-HS3 210299A17B27"} -index 0
dow /media/2TB/workspace/rsarwar/work/enclastra/pe1_zx1/mercury_pe1_fmc104/software/HelloWorld/Debug/HelloWorld.elf
configparams force-mem-access 0
----------------End of Script----------------

